info it worked if it ends with ok
verbose cli [ 'node', '/Users/chase/local/bin/npm', 'search' ]
info using npm@1.0.30
info using node@v0.4.12
verbose config file /Users/chase/.npmrc
verbose config file /Users/chase/local/etc/npmrc
WARN Building the index for the first time, please be patient
verbose GET /-/all
verbose raw, before any munging /-/all
verbose url resolving [ 'https://registry.npmjs.org/', './-/all' ]
verbose url resolved https://registry.npmjs.org/-/all
ERR! Error: [object Object] : -/all
ERR!     at Request.callback (/Users/chase/local/lib/node_modules/npm/lib/utils/npm-registry-client/request.js:179:12)
ERR!     at Request.<anonymous> (/Users/chase/local/lib/node_modules/npm/node_modules/request/main.js:337:18)
ERR!     at Request.emit (events.js:64:17)
ERR!     at IncomingMessage.<anonymous> (/Users/chase/local/lib/node_modules/npm/node_modules/request/main.js:305:16)
ERR!     at IncomingMessage.emit (events.js:81:20)
ERR!     at HTTPParser.onMessageComplete (http.js:133:23)
ERR!     at CleartextStream.ondata (http.js:1231:22)
ERR!     at CleartextStream._push (tls.js:303:27)
ERR!     at SecurePair.cycle (tls.js:577:20)
ERR!     at EncryptedStream.write (tls.js:96:13)
ERR! Report this *entire* log at:
ERR!     <http://github.com/isaacs/npm/issues>
ERR! or email it to:
ERR!     <npm-@googlegroups.com>
ERR! 
ERR! System Darwin 11.2.0
ERR! command "node" "/Users/chase/local/bin/npm" "search"
ERR! cwd /Users/chase/Sites/blocks/lib/blocks/Source/Template
ERR! node -v v0.4.12
ERR! npm -v 1.0.30
verbose exit [ 1, true ]
